<?xml version="1.0" encoding="UTF-8"?>
<!-- Generated by org.testng.reporters.JUnitReportReporter -->
<testsuite hostname="DESKTOP-JGOCG90" failures="0" tests="1" name="MavenTest" time="8.753" errors="0" timestamp="2020-07-05T17:52:39 IST" skipped="0">
  <testcase classname="MavenTest" name="unitTest" time="8.753"/>
  <system-out/>
</testsuite> <!-- MavenTest -->
