<?xml version="1.0" encoding="UTF-8"?>
<!-- Generated by org.testng.reporters.JUnitReportReporter -->
<testsuite ignored="0" hostname="DESKTOP-JGOCG90" failures="0" tests="1" name="MavenTest" time="6.743" errors="0" timestamp="16 Jul 2020 15:05:52 GMT" skipped="0">
  <testcase classname="MavenTest" name="unitTest" time="6.743"/>
</testsuite> <!-- MavenTest -->
